# JRE version: Java(TM) SE Runtime Environment (8.0_45-b15) (build 1.8.0_45-b15)
# Java VM: Java HotSpot(TM) 64-Bit Server VM (25.45-b02 mixed mode windows-amd64 compressed oops)
Heap:
 PSYoungGen      total 251904K, used 126079K [0x00000000eab00000, 0x00000000fe600000, 0x0000000100000000)
  eden space 202752K, 37% used [0x00000000eab00000,0x00000000ef624128,0x00000000f7100000)
  from space 49152K, 99% used [0x00000000f8380000,0x00000000fb37bd08,0x00000000fb380000)
  to   space 51712K, 0% used [0x00000000fb380000,0x00000000fb380000,0x00000000fe600000)
 ParOldGen       total 200192K, used 61055K [0x00000000c0000000, 0x00000000cc380000, 0x00000000eab00000)
  object space 200192K, 30% used [0x00000000c0000000,0x00000000c3b9fc08,0x00000000cc380000)
 Metaspace       used 6213K, capacity 7280K, committed 7552K, reserved 1056768K
  class space    used 585K, capacity 616K, committed 640K, reserved 1048576K
GC Heap History (10 events):
Event: 23.331 GC heap before
{Heap before GC invocations=5 (full 0):
 PSYoungGen      total 138240K, used 138222K [0x00000000eab00000, 0x00000000f3700000, 0x0000000100000000)
  eden space 133120K, 100% used [0x00000000eab00000,0x00000000f2d00000,0x00000000f2d00000)
  from space 5120K, 99% used [0x00000000f3200000,0x00000000f36fbb08,0x00000000f3700000)
  to   space 5120K, 0% used [0x00000000f2d00000,0x00000000f2d00000,0x00000000f3200000)
 ParOldGen       total 87552K, used 50559K [0x00000000c0000000, 0x00000000c5580000, 0x00000000eab00000)
  object space 87552K, 57% used [0x00000000c0000000,0x00000000c315fc48,0x00000000c5580000)
 Metaspace       used 6022K, capacity 7152K, committed 7296K, reserved 1056768K
  class space    used 578K, capacity 616K, committed 640K, reserved 1048576K
Event: 23.471 GC heap after
Heap after GC invocations=5 (full 0):
 PSYoungGen      total 138240K, used 5090K [0x00000000eab00000, 0x0000000100000000, 0x0000000100000000)
  eden space 133120K, 0% used [0x00000000eab00000,0x00000000eab00000,0x00000000f2d00000)
  from space 5120K, 99% used [0x00000000f2d00000,0x00000000f31f8ab8,0x00000000f3200000)
  to   space 53760K, 0% used [0x00000000fcb80000,0x00000000fcb80000,0x0000000100000000)
 ParOldGen       total 92672K, used 92349K [0x00000000c0000000, 0x00000000c5a80000, 0x00000000eab00000)
  object space 92672K, 99% used [0x00000000c0000000,0x00000000c5a2f698,0x00000000c5a80000)
 Metaspace       used 6022K, capacity 7152K, committed 7296K, reserved 1056768K
  class space    used 578K, capacity 616K, committed 640K, reserved 1048576K
}
Event: 23.471 GC heap before
{Heap before GC invocations=6 (full 1):
 PSYoungGen      total 138240K, used 5090K [0x00000000eab00000, 0x0000000100000000, 0x0000000100000000)
  eden space 133120K, 0% used [0x00000000eab00000,0x00000000eab00000,0x00000000f2d00000)
  from space 5120K, 99% used [0x00000000f2d00000,0x00000000f31f8ab8,0x00000000f3200000)
  to   space 53760K, 0% used [0x00000000fcb80000,0x00000000fcb80000,0x0000000100000000)
 ParOldGen       total 92672K, used 92349K [0x00000000c0000000, 0x00000000c5a80000, 0x00000000eab00000)
  object space 92672K, 99% used [0x00000000c0000000,0x00000000c5a2f698,0x00000000c5a80000)
 Metaspace       used 6022K, capacity 7152K, committed 7296K, reserved 1056768K
  class space    used 578K, capacity 616K, committed 640K, reserved 1048576K
Event: 24.841 GC heap after
Heap after GC invocations=6 (full 1):
 PSYoungGen      total 138240K, used 0K [0x00000000eab00000, 0x0000000100000000, 0x0000000100000000)
  eden space 133120K, 0% used [0x00000000eab00000,0x00000000eab00000,0x00000000f2d00000)
  from space 5120K, 0% used [0x00000000f2d00000,0x00000000f2d00000,0x00000000f3200000)
  to   space 53760K, 0% used [0x00000000fcb80000,0x00000000fcb80000,0x0000000100000000)
 ParOldGen       total 92672K, used 91326K [0x00000000c0000000, 0x00000000c5a80000, 0x00000000eab00000)
  object space 92672K, 98% used [0x00000000c0000000,0x00000000c592f940,0x00000000c5a80000)
 Metaspace       used 6022K, capacity 7152K, committed 7296K, reserved 1056768K
  class space    used 578K, capacity 616K, committed 640K, reserved 1048576K
}
Event: 26.692 GC heap before
{Heap before GC invocations=7 (full 2):
 PSYoungGen      total 138240K, used 133120K [0x00000000eab00000, 0x0000000100000000, 0x0000000100000000)
  eden space 133120K, 100% used [0x00000000eab00000,0x00000000f2d00000,0x00000000f2d00000)
  from space 5120K, 0% used [0x00000000f2d00000,0x00000000f2d00000,0x00000000f3200000)
  to   space 53760K, 0% used [0x00000000fcb80000,0x00000000fcb80000,0x0000000100000000)
 ParOldGen       total 92672K, used 91326K [0x00000000c0000000, 0x00000000c5a80000, 0x00000000eab00000)
  object space 92672K, 98% used [0x00000000c0000000,0x00000000c592f940,0x00000000c5a80000)
 Metaspace       used 6089K, capacity 7152K, committed 7296K, reserved 1056768K
  class space    used 579K, capacity 616K, committed 640K, reserved 1048576K
Event: 27.074 GC heap after
Heap after GC invocations=7 (full 2):
 PSYoungGen      total 138240K, used 0K [0x00000000eab00000, 0x0000000100000000, 0x0000000100000000)
  eden space 133120K, 0% used [0x00000000eab00000,0x00000000eab00000,0x00000000f2d00000)
  from space 5120K, 0% used [0x00000000f2d00000,0x00000000f2d00000,0x00000000f3200000)
  to   space 53760K, 0% used [0x00000000fcb80000,0x00000000fcb80000,0x0000000100000000)
 ParOldGen       total 200192K, used 58291K [0x00000000c0000000, 0x00000000cc380000, 0x00000000eab00000)
  object space 200192K, 29% used [0x00000000c0000000,0x00000000c38ecf80,0x00000000cc380000)
 Metaspace       used 6089K, capacity 7152K, committed 7296K, reserved 1056768K
  class space    used 579K, capacity 616K, committed 640K, reserved 1048576K
}
Event: 28.301 GC heap before
{Heap before GC invocations=8 (full 2):
 PSYoungGen      total 138240K, used 133120K [0x00000000eab00000, 0x0000000100000000, 0x0000000100000000)
  eden space 133120K, 100% used [0x00000000eab00000,0x00000000f2d00000,0x00000000f2d00000)
  from space 5120K, 0% used [0x00000000f2d00000,0x00000000f2d00000,0x00000000f3200000)
  to   space 53760K, 0% used [0x00000000fcb80000,0x00000000fcb80000,0x0000000100000000)
 ParOldGen       total 200192K, used 58291K [0x00000000c0000000, 0x00000000cc380000, 0x00000000eab00000)
  object space 200192K, 29% used [0x00000000c0000000,0x00000000c38ecf80,0x00000000cc380000)
 Metaspace       used 6106K, capacity 7216K, committed 7296K, reserved 1056768K
  class space    used 579K, capacity 616K, committed 640K, reserved 1048576K
Event: 28.358 GC heap after
Heap after GC invocations=8 (full 2):
 PSYoungGen      total 186880K, used 24138K [0x00000000eab00000, 0x00000000fe380000, 0x0000000100000000)
  eden space 162304K, 0% used [0x00000000eab00000,0x00000000eab00000,0x00000000f4980000)
  from space 24576K, 98% used [0x00000000fcb80000,0x00000000fe312b88,0x00000000fe380000)
  to   space 49152K, 0% used [0x00000000f8380000,0x00000000f8380000,0x00000000fb380000)
 ParOldGen       total 200192K, used 58299K [0x00000000c0000000, 0x00000000cc380000, 0x00000000eab00000)
  object space 200192K, 29% used [0x00000000c0000000,0x00000000c38eef80,0x00000000cc380000)
 Metaspace       used 6106K, capacity 7216K, committed 7296K, reserved 1056768K
  class space    used 579K, capacity 616K, committed 640K, reserved 1048576K
}
Event: 30.886 GC heap before
{Heap before GC invocations=9 (full 2):
 PSYoungGen      total 186880K, used 186442K [0x00000000eab00000, 0x00000000fe380000, 0x0000000100000000)
  eden space 162304K, 100% used [0x00000000eab00000,0x00000000f4980000,0x00000000f4980000)
  from space 24576K, 98% used [0x00000000fcb80000,0x00000000fe312b88,0x00000000fe380000)
  to   space 49152K, 0% used [0x00000000f8380000,0x00000000f8380000,0x00000000fb380000)
 ParOldGen       total 200192K, used 58299K [0x00000000c0000000, 0x00000000cc380000, 0x00000000eab00000)
  object space 200192K, 29% used [0x00000000c0000000,0x00000000c38eef80,0x00000000cc380000)
 Metaspace       used 6111K, capacity 7216K, committed 7296K, reserved 1056768K
  class space    used 579K, capacity 616K, committed 640K, reserved 1048576K
Event: 31.034 GC heap after
Heap after GC invocations=9 (full 2):
 PSYoungGen      total 251904K, used 49135K [0x00000000eab00000, 0x00000000fe600000, 0x0000000100000000)
  eden space 202752K, 0% used [0x00000000eab00000,0x00000000eab00000,0x00000000f7100000)
  from space 49152K, 99% used [0x00000000f8380000,0x00000000fb37bd08,0x00000000fb380000)
  to   space 51712K, 0% used [0x00000000fb380000,0x00000000fb380000,0x00000000fe600000)
 ParOldGen       total 200192K, used 61055K [0x00000000c0000000, 0x00000000cc380000, 0x00000000eab00000)
  object space 200192K, 30% used [0x00000000c0000000,0x00000000c3b9fc08,0x00000000cc380000)
 Metaspace       used 6111K, capacity 7216K, committed 7296K, reserved 1056768K
  class space    used 579K, capacity 616K, committed 640K, reserved 1048576K
}

